{
  "RSpec": {
    "coverage": {
      "/Users/mcamelo/Documents/interviews/ruby/movie-service/spec/controllers/movies_controller_spec.rb": {
        "lines": [
          1,
          null,
          1,
          5,
          5,
          null,
          1,
          4,
          null,
          null,
          1,
          1,
          1,
          1,
          1,
          null,
          null,
          1,
          1,
          1,
          null,
          null,
          1,
          1,
          1,
          null,
          null,
          null,
          1,
          1,
          1,
          1,
          1,
          null,
          null,
          null,
          null
        ]
      },
      "/Users/mcamelo/Documents/interviews/ruby/movie-service/spec/rails_helper.rb": {
        "lines": [
          null,
          null,
          1,
          1,
          1,
          null,
          1,
          1,
          null,
          null,
          null,
          null,
          null,
          null,
          null,
          null,
          null,
          null,
          null,
          null,
          null,
          null,
          null,
          null,
          null,
          null,
          null,
          null,
          1,
          null,
          0,
          null,
          1,
          1,
          null,
          1,
          null,
          null,
          null,
          null,
          1,
          null,
          null,
          null,
          null,
          null,
          null,
          null,
          null,
          null,
          null,
          null,
          null,
          null,
          null,
          null,
          null,
          null,
          1,
          null,
          null,
          1,
          null,
          null,
          null,
          null
        ]
      },
      "/Users/mcamelo/Documents/interviews/ruby/movie-service/config/environment.rb": {
        "lines": [
          null,
          1,
          null,
          null,
          1
        ]
      },
      "/Users/mcamelo/Documents/interviews/ruby/movie-service/config/application.rb": {
        "lines": [
          1,
          null,
          1,
          null,
          null,
          null,
          1,
          null,
          1,
          1,
          null,
          1,
          null,
          null,
          null,
          null,
          1,
          null,
          null,
          null,
          null,
          null,
          null,
          null,
          null,
          null,
          null,
          null,
          null,
          1,
          null,
          null
        ]
      },
      "/Users/mcamelo/Documents/interviews/ruby/movie-service/config/boot.rb": {
        "lines": [
          1,
          null,
          1,
          1
        ]
      },
      "/Users/mcamelo/Documents/interviews/ruby/movie-service/config/environments/test.rb": {
        "lines": [
          1,
          null,
          null,
          null,
          null,
          null,
          null,
          1,
          null,
          null,
          null,
          1,
          null,
          null,
          null,
          null,
          null,
          1,
          null,
          null,
          1,
          1,
          null,
          null,
          null,
          null,
          1,
          1,
          1,
          null,
          null,
          1,
          null,
          null,
          1,
          null,
          null,
          1,
          null,
          1,
          null,
          null,
          null,
          null,
          1,
          null,
          null,
          1,
          null,
          null,
          1,
          null,
          null,
          1,
          null,
          null,
          null,
          null,
          null,
          null,
          null,
          null,
          1,
          null
        ]
      },
      "/Users/mcamelo/Documents/interviews/ruby/movie-service/config/initializers/cors.rb": {
        "lines": [
          null,
          null,
          1,
          1,
          1,
          1,
          null,
          null,
          null,
          null,
          null
        ]
      },
      "/Users/mcamelo/Documents/interviews/ruby/movie-service/config/initializers/filter_parameter_logging.rb": {
        "lines": [
          null,
          null,
          null,
          null,
          null,
          1,
          null,
          null
        ]
      },
      "/Users/mcamelo/Documents/interviews/ruby/movie-service/config/initializers/inflections.rb": {
        "lines": [
          null,
          null,
          null,
          null,
          null,
          null,
          null,
          null,
          null,
          null,
          null,
          null,
          null,
          null,
          null,
          null
        ]
      },
      "/Users/mcamelo/Documents/interviews/ruby/movie-service/spec/factories/genres.rb": {
        "lines": [
          1,
          1,
          1,
          null,
          null
        ]
      },
      "/Users/mcamelo/Documents/interviews/ruby/movie-service/spec/factories/movies.rb": {
        "lines": [
          1,
          1,
          19,
          19,
          19,
          19,
          19,
          19,
          19,
          19,
          19,
          19,
          19,
          19,
          null,
          null
        ]
      },
      "/Users/mcamelo/Documents/interviews/ruby/movie-service/spec/factories/movies_genres.rb": {
        "lines": [
          1,
          1,
          1,
          1,
          null,
          null
        ]
      },
      "/Users/mcamelo/Documents/interviews/ruby/movie-service/spec/factories/reviews.rb": {
        "lines": [
          1,
          1,
          5,
          5,
          1,
          1,
          null,
          null
        ]
      },
      "/Users/mcamelo/Documents/interviews/ruby/movie-service/spec/factories/users.rb": {
        "lines": [
          1,
          1,
          11,
          11,
          11,
          11,
          null,
          null
        ]
      },
      "/Users/mcamelo/Documents/interviews/ruby/movie-service/config/routes.rb": {
        "lines": [
          1,
          1,
          1,
          1,
          1,
          1,
          null,
          null,
          1,
          null,
          1,
          null
        ]
      },
      "/Users/mcamelo/Documents/interviews/ruby/movie-service/app/controllers/movies_controller.rb": {
        "lines": [
          null,
          null,
          1,
          1,
          null,
          1,
          2,
          2,
          null,
          null,
          1,
          1,
          1,
          null,
          null
        ]
      },
      "/Users/mcamelo/Documents/interviews/ruby/movie-service/app/controllers/application_controller.rb": {
        "lines": [
          null,
          1,
          1,
          8,
          8,
          null,
          8,
          7,
          1,
          1,
          null,
          null,
          null
        ]
      },
      "/Users/mcamelo/Documents/interviews/ruby/movie-service/spec/controllers/reviews_controller_spec.rb": {
        "lines": [
          null,
          1,
          null,
          1,
          5,
          4,
          2,
          2,
          null,
          1,
          4,
          null,
          null,
          1,
          1,
          1,
          1,
          1,
          null,
          null,
          null,
          null,
          1,
          1,
          1,
          1,
          null,
          null,
          null,
          null,
          null,
          1,
          1,
          1,
          1,
          1,
          null,
          null,
          null,
          1,
          1,
          1,
          1,
          1,
          null,
          null,
          null
        ]
      },
      "/Users/mcamelo/Documents/interviews/ruby/movie-service/app/controllers/reviews_controller.rb": {
        "lines": [
          null,
          null,
          1,
          1,
          null,
          1,
          2,
          2,
          2,
          2,
          1,
          null,
          1,
          null,
          null,
          null,
          1,
          1,
          1,
          null,
          null,
          1,
          1,
          null,
          null,
          1,
          null,
          1,
          2,
          null,
          null,
          null,
          null,
          null,
          null
        ]
      },
      "/Users/mcamelo/Documents/interviews/ruby/movie-service/spec/controllers/sessions_controller_spec.rb": {
        "lines": [
          1,
          null,
          1,
          3,
          2,
          null,
          1,
          1,
          1,
          1,
          1,
          null,
          null,
          null,
          null,
          1,
          1,
          1,
          1,
          null,
          null,
          null,
          null,
          null
        ]
      },
      "/Users/mcamelo/Documents/interviews/ruby/movie-service/app/controllers/sessions_controller.rb": {
        "lines": [
          null,
          null,
          1,
          1,
          2,
          2,
          1,
          null,
          1,
          null,
          null,
          null
        ]
      },
      "/Users/mcamelo/Documents/interviews/ruby/movie-service/spec/controllers/users_controller_spec.rb": {
        "lines": [
          1,
          null,
          1,
          1,
          null,
          1,
          null,
          null,
          null,
          null,
          null,
          null,
          1,
          1,
          1,
          1,
          1,
          null,
          null,
          null,
          null,
          1,
          1,
          1,
          1,
          null,
          null,
          null,
          null,
          null,
          null,
          null
        ]
      },
      "/Users/mcamelo/Documents/interviews/ruby/movie-service/app/controllers/users_controller.rb": {
        "lines": [
          null,
          null,
          1,
          null,
          1,
          2,
          2,
          1,
          null,
          1,
          null,
          null,
          null,
          1,
          null,
          1,
          2,
          null,
          null,
          null,
          null,
          null,
          null
        ]
      },
      "/Users/mcamelo/Documents/interviews/ruby/movie-service/app/models/movie.rb": {
        "lines": [
          null,
          1,
          1,
          1,
          1,
          null,
          1,
          null
        ]
      },
      "/Users/mcamelo/Documents/interviews/ruby/movie-service/app/models/application_record.rb": {
        "lines": [
          null,
          null,
          1,
          1,
          null
        ]
      },
      "/Users/mcamelo/Documents/interviews/ruby/movie-service/lib/token_generator.rb": {
        "lines": [
          null,
          1,
          1,
          null,
          9,
          null,
          null,
          null,
          9,
          null,
          null
        ]
      },
      "/Users/mcamelo/Documents/interviews/ruby/movie-service/app/models/user.rb": {
        "lines": [
          null,
          null,
          1,
          1,
          1,
          null
        ]
      },
      "/Users/mcamelo/Documents/interviews/ruby/movie-service/app/serializers/movie_serializer.rb": {
        "lines": [
          null,
          null,
          1,
          1,
          1,
          null,
          null,
          null,
          null,
          null,
          null,
          null,
          null,
          null,
          null,
          null,
          null,
          1,
          null
        ]
      },
      "/Users/mcamelo/Documents/interviews/ruby/movie-service/app/serializers/genre_serializer.rb": {
        "lines": [
          null,
          null,
          1,
          1,
          1,
          null
        ]
      },
      "/Users/mcamelo/Documents/interviews/ruby/movie-service/app/models/movies_genre.rb": {
        "lines": [
          null,
          null,
          1,
          1,
          1,
          null
        ]
      },
      "/Users/mcamelo/Documents/interviews/ruby/movie-service/app/models/genre.rb": {
        "lines": [
          null,
          null,
          1,
          1,
          1,
          null
        ]
      },
      "/Users/mcamelo/Documents/interviews/ruby/movie-service/app/models/review.rb": {
        "lines": [
          null,
          null,
          1,
          1,
          1,
          null,
          1,
          1,
          null
        ]
      },
      "/Users/mcamelo/Documents/interviews/ruby/movie-service/app/serializers/review_serializer.rb": {
        "lines": [
          null,
          null,
          1,
          1,
          1,
          null
        ]
      }
    },
    "timestamp": 1700067173
  }
}
